2018-02-16 15:26:17 Error: [Cake\Routing\Exception\MissingControllerException] Controller class Css could not be found.
Exception Attributes: array (
  'class' => 'Css',
  'plugin' => false,
  'prefix' => false,
  '_ext' => false,
)
Request URL: /css/bootstrap.min.css.map
Stack Trace:
#0 G:\xampp\htdocs\cakephp\vendor\cakephp\cakephp\src\Http\ControllerFactory.php(38): Cake\Http\ControllerFactory->missingController(Object(Cake\Http\ServerRequest))
#1 G:\xampp\htdocs\cakephp\vendor\cakephp\cakephp\src\Http\ActionDispatcher.php(90): Cake\Http\ControllerFactory->create(Object(Cake\Http\ServerRequest), Object(Cake\Http\Response))
#2 G:\xampp\htdocs\cakephp\vendor\cakephp\cakephp\src\Http\BaseApplication.php(108): Cake\Http\ActionDispatcher->dispatch(Object(Cake\Http\ServerRequest), Object(Cake\Http\Response))
#3 G:\xampp\htdocs\cakephp\vendor\cakephp\cakephp\src\Http\Runner.php(65): Cake\Http\BaseApplication->__invoke(Object(Cake\Http\ServerRequest), Object(Cake\Http\Response), Object(Cake\Http\Runner))
#4 G:\xampp\htdocs\cakephp\vendor\cakephp\cakephp\src\Routing\Middleware\RoutingMiddleware.php(104): Cake\Http\Runner->__invoke(Object(Cake\Http\ServerRequest), Object(Cake\Http\Response))
#5 G:\xampp\htdocs\cakephp\vendor\cakephp\cakephp\src\Http\Runner.php(65): Cake\Routing\Middleware\RoutingMiddleware->__invoke(Object(Cake\Http\ServerRequest), Object(Cake\Http\Response), Object(Cake\Http\Runner))
#6 G:\xampp\htdocs\cakephp\vendor\cakephp\cakephp\src\Routing\Middleware\AssetMiddleware.php(97): Cake\Http\Runner->__invoke(Object(Cake\Http\ServerRequest), Object(Cake\Http\Response))
#7 G:\xampp\htdocs\cakephp\vendor\cakephp\cakephp\src\Http\Runner.php(65): Cake\Routing\Middleware\AssetMiddleware->__invoke(Object(Cake\Http\ServerRequest), Object(Cake\Http\Response), Object(Cake\Http\Runner))
#8 G:\xampp\htdocs\cakephp\vendor\cakephp\cakephp\src\Error\Middleware\ErrorHandlerMiddleware.php(98): Cake\Http\Runner->__invoke(Object(Cake\Http\ServerRequest), Object(Cake\Http\Response))
#9 G:\xampp\htdocs\cakephp\vendor\cakephp\cakephp\src\Http\Runner.php(65): Cake\Error\Middleware\ErrorHandlerMiddleware->__invoke(Object(Cake\Http\ServerRequest), Object(Cake\Http\Response), Object(Cake\Http\Runner))
#10 G:\xampp\htdocs\cakephp\vendor\cakephp\debug_kit\src\Middleware\DebugKitMiddleware.php(52): Cake\Http\Runner->__invoke(Object(Cake\Http\ServerRequest), Object(Cake\Http\Response))
#11 G:\xampp\htdocs\cakephp\vendor\cakephp\cakephp\src\Http\Runner.php(65): DebugKit\Middleware\DebugKitMiddleware->__invoke(Object(Cake\Http\ServerRequest), Object(Cake\Http\Response), Object(Cake\Http\Runner))
#12 G:\xampp\htdocs\cakephp\vendor\cakephp\cakephp\src\Http\Runner.php(51): Cake\Http\Runner->__invoke(Object(Cake\Http\ServerRequest), Object(Cake\Http\Response))
#13 G:\xampp\htdocs\cakephp\vendor\cakephp\cakephp\src\Http\Server.php(81): Cake\Http\Runner->run(Object(Cake\Http\MiddlewareQueue), Object(Cake\Http\ServerRequest), Object(Cake\Http\Response))
#14 G:\xampp\htdocs\cakephp\webroot\index.php(40): Cake\Http\Server->run()
#15 {main}


